
Showing logs for build [32mcb-kubecd-environment-pr-187-30-klzb2-1[0m stage [32mfrom-build-pack[0m and container [32mstep-credential-initializer-nrjj4[0m
{"level":"warn","ts":1584808636.3347006,"logger":"fallback-logger","caller":"logging/config.go:69","msg":"Fetch GitHub commit ID from kodata failed: \"ref: refs/heads/0.8.0-**-support-backwards-incompats\" is not a valid GitHub commit ID"}
{"level":"info","ts":1584808636.3357866,"logger":"fallback-logger","caller":"creds-init/main.go:40","msg":"Credentials initialized."}

Showing logs for build [32mcb-kubecd-environment-pr-187-30-klzb2-1[0m stage [32mfrom-build-pack[0m and container [32mstep-working-dir-initializer-rmp4f[0m
{"level":"warn","ts":1584808637.3160682,"logger":"fallback-logger","caller":"logging/config.go:69","msg":"Fetch GitHub commit ID from kodata failed: open /var/run/ko/HEAD: no such file or directory"}
{"level":"info","ts":1584808637.3351307,"logger":"fallback-logger","caller":"bash/main.go:64","msg":"Successfully executed command \"sh -c mkdir -p /workspace/source\"; output "}

Showing logs for build [32mcb-kubecd-environment-pr-187-30-klzb2-1[0m stage [32mfrom-build-pack[0m and container [32mstep-place-tools[0m

Showing logs for build [32mcb-kubecd-environment-pr-187-30-klzb2-1[0m stage [32mfrom-build-pack[0m and container [32mstep-git-source-cb-kubecd-environment-pr-187-30-klzb2-5jcnp[0m
{"level":"warn","ts":1584808642.4594371,"logger":"fallback-logger","caller":"logging/config.go:69","msg":"Fetch GitHub commit ID from kodata failed: \"ref: refs/heads/0.8.0-**-support-backwards-incompats\" is not a valid GitHub commit ID"}
{"level":"info","ts":1584808643.5249662,"logger":"fallback-logger","caller":"git/git.go:103","msg":"Successfully cloned https://github.com/cb-kubecd/environment-pr-187-30-boot-vault-gke-staging.git @ master in path /workspace/source"}

Showing logs for build [32mcb-kubecd-environment-pr-187-30-klzb2-1[0m stage [32mfrom-build-pack[0m and container [32mstep-git-merge[0m
Using SHAs from PULL_REFS=master:8b417f9463cde71aefabfd494601704d3ac2a236,1:f870cd7fbd7d2003e4a5e646d6c7e7d7fc2cfbb6
DEBUG: LC_ALL=C JX_LOG_LEVEL=error git fetch origin --unshallow f870cd7fbd7d2003e4a5e646d6c7e7d7fc2cfbb6: 8b417f9463cde71aefabfd494601704d3ac2a236:
DEBUG: ran git fetch --unshallow origin f870cd7fbd7d2003e4a5e646d6c7e7d7fc2cfbb6: 8b417f9463cde71aefabfd494601704d3ac2a236: in 
DEBUG: JX_LOG_LEVEL=error LC_ALL=C git branch
DEBUG: LC_ALL=C JX_LOG_LEVEL=error git checkout master
DEBUG: ran git checkout master in 
DEBUG: LC_ALL=C JX_LOG_LEVEL=error git reset --hard 8b417f9463cde71aefabfd494601704d3ac2a236
DEBUG: ran git reset --hard 8b417f9463cde71aefabfd494601704d3ac2a236 in 
DEBUG: LC_ALL=C JX_LOG_LEVEL=error git clean -fd .
DEBUG: ran clean --force -d . in 
DEBUG: LC_ALL=C JX_LOG_LEVEL=error git merge f870cd7fbd7d2003e4a5e646d6c7e7d7fc2cfbb6
DEBUG: ran git merge f870cd7fbd7d2003e4a5e646d6c7e7d7fc2cfbb6 in 
DEBUG: LC_ALL=C JX_LOG_LEVEL=error git log --format=%H%x1f%an%x1f%ae%x1f%cn%x1f%ce%x1f%s%n%b%x1e 8b417f9463cde71aefabfd494601704d3ac2a236..HEAD
Merged SHA f870cd7fbd7d2003e4a5e646d6c7e7d7fc2cfbb6 with commit message 'chore: Promote bdd-spring-1584808214 to version 0.0.2' into base branch master

Showing logs for build [32mcb-kubecd-environment-pr-187-30-klzb2-1[0m stage [32mfrom-build-pack[0m and container [32mstep-build-helm-build[0m
WARNING: No $CHART_REPOSITORY defined so using the default value of: http://jenkins-x-chartmuseum:8080
Adding missing Helm repo: storage.googleapis.com https://storage.googleapis.com/chartmuseum.jenkins-x.io
WARNING: No secrets found on "helm/repos" due: reading the secret "helm/repos" from vault: no secret "helm/repos" not found in vault
Read credentials for https://storage.googleapis.com/chartmuseum.jenkins-x.io from vault helm/repos
Successfully added Helm repository storage.googleapis.com.
Adding missing Helm repo: jenkins-x-chartmuseum http://jenkins-x-chartmuseum:8080
WARNING: No secrets found on "helm/repos" due: reading the secret "helm/repos" from vault: no secret "helm/repos" not found in vault
Read credentials for http://jenkins-x-chartmuseum:8080 from vault helm/repos
Successfully added Helm repository jenkins-x-chartmuseum.
WARNING: No $CHART_REPOSITORY defined so using the default value of: http://jenkins-x-chartmuseum:8080
Adding missing Helm repo: chartmuseum.jenkins-x.io http://chartmuseum.jenkins-x.io
WARNING: No secrets found on "helm/repos" due: reading the secret "helm/repos" from vault: no secret "helm/repos" not found in vault
Read credentials for http://chartmuseum.jenkins-x.io from vault helm/repos
Successfully added Helm repository chartmuseum.jenkins-x.io.
